<?xml version="1.0" encoding="UTF-8"?>
<!-- Generated by org.testng.reporters.JUnitReportReporter -->
<testsuite hostname="Gavins-Mac.local" name="Tests.CreateRecipePageTest" tests="1" failures="0" timestamp="20 May 2018 22:09:58 GMT" time="69.395" errors="0">
  <testcase name="createRecipeSuccess" time="69.395" classname="Tests.CreateRecipePageTest"/>
</testsuite> <!-- Tests.CreateRecipePageTest -->
